MAMMOTHmult output
  1 Name: 1aldA00        Len:  363
  2 Name: 1fbaA00        Len:  360
  3 Name: 1htiA00        Len:  248
  4 Name: 1htiB00        Len:  248
  5 Name: 1i45B00        Len:  247
  6 Name: 1neyA00        Len:  247
  7 Name: 1qo5R00        Len:  344
  8 Name: 1tmhB00        Len:  254
  9 Name: 1treA00        Len:  255
 10 Name: 1treB00        Len:  253
 11 Name: 1wyiB00        Len:  248
 12 Name: 1xdlA00        Len:  303
 13 Name: 1xdlB00        Len:  299
 14 Name: 1xdlC00        Len:  329
 15 Name: 1xdlD00        Len:  297
 16 Name: 1xdmA00        Len:  303
 17 Name: 1xdmD00        Len:  296
 18 Name: 1xdmY00        Len:  304
 19 Name: 1xfbK00        Len:  342
 20 Name: 2aldA00        Len:  363
 21 Name: 2ypiA00        Len:  247
 22 Name: 2ypiB00        Len:  247
 23 Name: 3ypiB00        Len:  247
 
//
 
PAIRWISE:
           INI                    END
  i   j    PSI NALI NORM   RMS    PSI NALI NORM  RMS E-value  SeqId  Z-scr -ln(P)
  1   2 100.28  360  360  2.72  96.10  345  360 1.04 0.0E+00  67.41  40.89  40.89
  1   3  86.64  214  248 14.29  31.17   77  248 3.95 0.5E-03   8.50   7.76   7.69
  1   4  88.26  218  248 14.51  27.94   69  248 3.94 0.1E-02   9.31   6.61   6.61
  1   5  86.99  214  247 15.12  26.83   66  247 3.93 0.2E-02   8.13   6.19   6.22
  1   6  86.99  214  247 14.64  26.83   66  247 3.89 0.2E-02   8.13   6.19   6.22
  1   7 100.29  344  344  0.95 100.29  344  344 0.95 0.0E+00  71.14  41.38  41.38
  1   8  86.96  220  254 14.47  24.11   61  254 3.95 0.4E-02   8.70   5.41   5.49
  1   9  87.40  222  255 16.31  25.59   65  255 4.00 0.2E-02   7.87   5.97   6.01
  1  10  87.30  220  253 16.38  24.60   62  253 3.93 0.4E-02   7.54   5.56   5.63
  1  11  88.66  219  248 14.40  27.53   68  248 3.94 0.2E-02   8.91   6.47   6.48
  1  12 100.33  303  303  2.69  98.01  296  303 1.48 0.8E-15  69.87  36.67  36.67
  1  13 100.34  299  299  4.26  95.64  285  299 2.36 0.3E-14  67.79  35.34  35.34
  1  14 100.30  329  329  2.23  98.78  324  329 1.74 0.1E-15  68.90  39.36  39.36
  1  15 100.34  297  297  3.46  97.30  288  297 1.72 0.2E-14  69.26  35.82  35.82
  1  16  92.38  279  303  4.88  87.09  263  303 2.65 0.5E-13  64.90  32.22  30.59
  1  17 100.34  296  296  2.87  97.97  289  296 2.23 0.2E-14  69.83  36.00  36.00
  1  18 100.33  304  304  3.20  96.70  293  304 1.90 0.1E-14  68.32  36.22  36.22
  1  19 100.29  342  342  0.53 100.29  342  342 0.53 0.0E+00  83.58  41.20  41.20
  1  20 100.28  363  363  2.61  97.79  354  363 0.79 0.0E+00 100.28  41.93  41.93
  1  21  87.80  216  247 15.08  25.61   63  247 3.98 0.3E-02   8.54   5.76   5.82
  1  22  87.40  215  247 14.03  28.46   70  247 3.96 0.1E-02   7.72   6.77   6.76
  1  23  85.77  211  247 14.06  30.08   74  247 3.97 0.7E-03   7.72   7.34   7.30
  2   3  86.23  213  248 13.73  26.72   66  248 3.92 0.2E-02   8.91   6.18   6.21
  2   4  86.23  213  248 13.75  29.55   73  248 3.98 0.8E-03   8.91   7.19   7.15
  2   5  86.18  212  247 13.87  26.42   65  247 3.89 0.2E-02   8.94   6.05   6.09
  2   6  85.77  211  247 13.92  28.05   69  247 3.97 0.1E-02   9.76   6.63   6.63
  2   7 100.00  343  344  0.99 100.00  343  344 0.99 0.0E+00  65.31  41.25  41.25
  2   8  85.77  217  254 15.76  26.09   66  254 3.96 0.2E-02   9.09   6.12   6.15
  2   9  87.01  221  255 16.09  25.59   65  255 3.96 0.2E-02  10.63   5.97   6.01
  2  10  86.90  219  253 16.17  25.40   64  253 3.89 0.3E-02   9.92   5.85   5.90
  2  11  84.21  208  248 14.06  35.22   87  248 3.89 0.1E-03  10.12   9.20   9.03
  2  12 100.33  303  303  2.86  97.02  293  303 1.30 0.1E-14  64.24  36.26  36.26
  2  13  98.99  295  299  4.24  94.63  282  299 2.58 0.4E-14  62.08  34.93  34.93
  2  14  98.78  324  329  2.05  98.17  322  329 1.77 0.1E-15  62.50  39.10  39.10
  2  15  99.32  294  297  3.34  95.95  284  297 1.61 0.3E-14  63.85  35.28  35.28
  2  16  92.38  279  303  4.72  88.08  266  303 2.81 0.4E-13  59.60  32.62  30.97
  2  17 100.34  296  296  2.96  98.64  291  296 2.49 0.1E-14  64.07  36.27  36.27
  2  18 100.33  304  304  3.04  97.03  294  304 1.63 0.1E-14  63.70  36.36  36.36
  2  19 100.00  341  342  0.87 100.00  341  342 0.87 0.0E+00  70.97  41.07  41.07
  2  20 100.28  360  360  1.29 100.28  360  360 1.29 0.0E+00  67.41  42.81  42.81
  2  21  86.59  213  247 14.06  27.64   68  247 4.00 0.2E-02   8.54   6.48   6.49
  2  22  87.80  216  247 13.98  28.46   70  247 3.97 0.1E-02   8.54   6.77   6.76
  2  23  86.18  212  247 13.99  28.05   69  247 3.85 0.1E-02   9.35   6.63   6.63
  3   4 100.00  247  248  1.40  99.60  246  248 1.20 0.6E-13  99.19  32.00  30.38
  3   5  99.19  244  247  1.19  99.19  244  247 1.19 0.8E-13  51.63  31.75  30.15
  3   6  99.19  244  247  1.55  99.19  244  247 1.55 0.8E-13  51.63  31.75  30.15
  3   7  88.26  218  248 14.32  28.34   70  248 3.96 0.1E-02   7.29   6.76   6.75
  3   8  99.19  245  248  2.03  99.19  245  248 2.03 0.7E-13  46.96  31.85  30.24
  3   9  99.19  245  248  1.95  99.19  245  248 1.95 0.7E-13  43.32  31.85  30.24
  3  10  99.19  245  248  1.87  99.19  245  248 1.87 0.7E-13  44.13  31.85  30.24
  3  11 100.00  247  248  1.55  99.60  246  248 1.42 0.6E-13  99.19  32.00  30.38
  3  12  82.59  204  248  7.91  59.51  147  248 3.96 0.4E-07   9.72  17.80  17.09
  3  13  83.81  207  248  7.53  62.75  155  248 3.87 0.1E-07   9.31  18.95  18.16
  3  14  76.92  190  248  9.85  47.37  117  248 3.68 0.2E-05   8.91  13.50  13.06
  3  15  84.62  209  248  8.07  61.54  152  248 3.83 0.2E-07   8.91  18.52  17.76
  3  16  83.00  205  248  7.53  61.54  152  248 3.99 0.2E-07  10.12  18.52  17.76
  3  17  85.43  211  248  9.88  58.70  145  248 3.79 0.5E-07   9.31  17.51  16.82
  3  18  83.40  206  248  7.57  59.11  146  248 3.87 0.4E-07  10.93  17.66  16.95
  3  19  86.64  214  248 14.12  29.15   72  248 3.88 0.9E-03   8.10   7.04   7.02
  3  20  87.85  217  248 14.47  29.55   73  248 4.00 0.8E-03   8.91   7.19   7.15
  3  21  99.19  244  247  1.64  99.19  244  247 1.64 0.8E-13  52.85  31.75  30.15
  3  22  99.19  244  247  1.70  99.19  244  247 1.70 0.8E-13  52.85  31.75  30.15
  3  23  99.19  244  247  1.49  99.19  244  247 1.49 0.8E-13  52.44  31.75  30.15
  4   5  99.19  244  247  1.56  99.19  244  247 1.56 0.8E-13  51.63  31.75  30.15
  4   6  99.19  244  247  1.17  99.19  244  247 1.17 0.8E-13  51.63  31.75  30.15
  4   7  88.26  218  248 14.37  28.34   70  248 3.95 0.1E-02   6.48   6.76   6.75
  4   8  99.19  245  248  1.65  99.19  245  248 1.65 0.7E-13  48.18  31.85  30.24
  4   9  98.79  244  248  2.39  98.38  243  248 2.34 0.1E-12  43.32  31.57  29.98
  4  10  99.19  245  248  2.10  98.79  244  248 2.05 0.8E-13  43.32  31.71  30.11
  4  11 100.00  247  248  0.93 100.00  247  248 0.93 0.6E-13  99.19  32.14  30.51
  4  12  82.59  204  248  7.43  61.94  153  248 3.86 0.2E-07   9.72  18.66  17.89
  4  13  83.81  207  248  6.74  66.80  165  248 3.68 0.3E-08   9.72  20.38  19.50
  4  14  76.92  190  248  9.35  53.85  133  248 3.95 0.2E-06   9.31  15.79  15.21
  4  15  84.62  209  248  7.36  67.21  166  248 3.67 0.3E-08   9.72  20.52  19.64
  4  16  83.00  205  248  7.03  63.16  156  248 3.95 0.1E-07  10.53  19.09  18.29
  4  17  85.43  211  248  8.90  62.35  154  248 3.80 0.1E-07   9.31  18.80  18.03
  4  18  83.40  206  248  7.35  59.51  147  248 3.63 0.4E-07  10.53  17.80  17.09
  4  19  88.26  218  248 14.28  27.53   68  248 3.88 0.2E-02   8.91   6.47   6.48
  4  20  88.26  218  248 14.47  26.72   66  248 3.93 0.2E-02   8.50   6.18   6.21
  4  21  99.19  244  247  1.23  99.19  244  247 1.23 0.8E-13  52.85  31.75  30.15
  4  22  99.19  244  247  1.32  99.19  244  247 1.32 0.8E-13  52.85  31.75  30.15
  4  23  99.19  244  247  1.16  99.19  244  247 1.16 0.8E-13  52.44  31.75  30.15
  5   6 100.41  247  247  1.09 100.41  247  247 1.09 0.5E-13 100.41  32.18  30.55
  5   7  87.40  215  247 14.42  28.05   69  247 3.94 0.1E-02   7.32   6.63   6.63
  5   8  99.59  245  247  1.86  99.59  245  247 1.86 0.7E-13  47.56  31.89  30.28
  5   9  99.59  245  247  1.64  99.59  245  247 1.64 0.7E-13  44.72  31.89  30.28
  5  10  99.59  245  247  1.88  99.59  245  247 1.88 0.7E-13  43.50  31.89  30.28
  5  11 100.00  246  247  1.65 100.00  246  247 1.65 0.6E-13  52.03  32.04  30.42
  5  12  81.71  201  247  7.57  59.35  146  247 3.82 0.4E-07   9.35  17.68  16.98
  5  13  80.89  199  247 12.66  45.12  111  247 3.66 0.5E-05  10.57  12.66  12.27
  5  14  75.61  186  247  9.27  52.03  128  247 3.85 0.5E-06   9.76  15.10  14.56
  5  15  83.74  206  247  7.46  65.04  160  247 3.61 0.6E-08   9.35  19.69  18.86
  5  16  83.33  205  247  9.54  58.13  143  247 3.72 0.6E-07  10.98  17.25  16.57
  5  17  82.93  204  247  7.51  60.57  149  247 3.90 0.3E-07   8.13  18.11  17.38
  5  18  82.52  203  247  7.45  58.54  144  247 3.84 0.6E-07   8.94  17.39  16.71
  5  19  86.99  214  247 14.31  30.08   74  247 3.96 0.7E-03   9.76   7.34   7.30
  5  20  86.99  214  247 15.14  27.24   67  247 3.94 0.2E-02   8.13   6.34   6.36
  5  21 100.41  247  247  1.34 100.00  246  247 1.23 0.6E-13  99.19  32.04  30.42
  5  22 100.41  247  247  1.44 100.00  246  247 1.33 0.6E-13  99.19  32.04  30.42
  5  23 100.41  247  247  1.07 100.41  247  247 1.07 0.5E-13  98.78  32.18  30.55
  6   7  86.99  214  247 14.51  26.42   65  247 3.85 0.2E-02   8.13   6.05   6.09
  6   8  99.19  244  247  1.84  99.19  244  247 1.84 0.8E-13  47.56  31.75  30.15
  6   9  99.19  244  247  2.19  99.19  244  247 2.19 0.8E-13  43.90  31.75  30.15
  6  10  99.59  245  247  1.91  99.59  245  247 1.91 0.7E-13  44.72  31.89  30.28
  6  11 100.00  246  247  1.27 100.00  246  247 1.27 0.6E-13  52.03  32.04  30.42
  6  12  81.71  201  247  7.40  59.35  146  247 3.82 0.4E-07   8.94  17.68  16.98
  6  13  82.11  202  247 12.46  50.00  123  247 3.48 0.9E-06  10.16  14.38  13.88
  6  14  84.15  207  247 12.72  35.77   88  247 3.92 0.1E-03   4.47   9.35   9.18
  6  15  83.74  206  247  7.19  67.48  166  247 3.70 0.3E-08   8.94  20.55  19.66
  6  16  83.33  205  247  9.30  57.72  142  247 3.68 0.7E-07  12.20  17.11  16.44
  6  17  82.93  204  247  7.36  60.98  150  247 3.69 0.2E-07   7.72  18.26  17.51
  6  18  82.52  203  247  7.30  60.57  149  247 3.82 0.3E-07  10.16  18.11  17.38
  6  19  86.99  214  247 14.39  26.83   66  247 3.99 0.2E-02   9.76   6.19   6.22
  6  20  86.99  214  247 14.78  30.49   75  247 3.98 0.6E-03   8.13   7.49   7.43
  6  21 100.41  247  247  0.77 100.00  246  247 0.58 0.6E-13  99.19  32.04  30.42
  6  22 100.41  247  247  0.94 100.00  246  247 0.77 0.6E-13  99.19  32.04  30.42
  6  23 100.41  247  247  0.57 100.41  247  247 0.57 0.5E-13  98.78  32.18  30.55
  7   8  86.56  219  254 14.43  24.11   61  254 3.89 0.4E-02   8.70   5.41   5.49
  7   9  87.01  221  255 16.03  25.98   66  255 4.00 0.2E-02   7.48   6.11   6.15
  7  10  86.90  219  253 16.12  25.79   65  253 3.98 0.2E-02   7.94   5.99   6.03
  7  11  88.26  218  248 14.32  29.96   74  248 3.96 0.7E-03   7.69   7.33   7.29
  7  12 100.00  302  303  3.62  96.69  292  303 1.76 0.1E-14  93.71  36.13  36.13
  7  13  98.66  294  299  4.36  93.96  280  299 2.00 0.5E-14  92.28  34.66  34.66
  7  14  99.09  325  329  2.16  97.56  320  329 1.66 0.1E-15  94.51  38.84  38.84
  7  15 100.00  296  297  3.34  97.30  288  297 1.68 0.2E-14  95.95  35.82  35.82
  7  16 100.33  303  303  3.76  96.69  292  303 2.12 0.1E-14  94.37  36.13  36.13
  7  17 100.34  296  296  3.17  97.97  289  296 1.72 0.2E-14  96.61  36.00  36.00
  7  18  99.67  302  304  3.61  95.71  290  304 1.94 0.2E-14  93.40  35.82  35.82
  7  19  99.41  339  342  0.91  99.41  339  342 0.91 0.0E+00  71.85  40.81  40.81
  7  20 100.29  344  344  0.93 100.29  344  344 0.93 0.0E+00  71.14  41.38  41.38
  7  21  86.99  214  247 14.57  28.05   69  247 3.97 0.1E-02   6.50   6.63   6.63
  7  22  86.99  214  247 13.78  28.86   71  247 3.98 0.1E-02   6.50   6.91   6.89
  7  23  85.77  211  247 13.94  31.30   77  247 3.99 0.5E-03   7.72   7.77   7.70
  8   9 100.40  254  254  1.37 100.40  254  254 1.37 0.3E-13  93.68  32.88  31.21
  8  10 100.40  253  253  1.33 100.40  253  253 1.33 0.3E-13  94.05  32.78  31.11
  8  11  99.19  245  248  1.79  99.19  245  248 1.79 0.7E-13  47.77  31.85  30.24
  8  12  88.14  223  254 15.72  25.69   65  254 3.94 0.2E-02   7.91   5.98   6.02
  8  13  86.17  218  254 16.57  18.18   46  254 3.97 0.3E-01   8.30   3.28   3.50
  8  14  85.38  216  254 14.20  24.90   63  254 3.97 0.3E-02   8.30   5.70   5.76
  8  15  85.38  216  254 15.92  22.13   56  254 3.85 0.8E-02   8.70   4.70   4.83
  8  16  89.33  226  254 15.78  22.92   58  254 4.00 0.6E-02   7.51   4.98   5.09
  8  17  87.75  222  254 15.38  29.64   75  254 3.84 0.6E-03   8.30   7.40   7.35
  8  18  88.93  225  254 15.36  25.30   64  254 3.86 0.3E-02   8.70   5.84   5.89
  8  19  86.96  220  254 15.42  24.51   62  254 3.91 0.4E-02  10.28   5.55   5.62
  8  20  86.96  220  254 15.99  24.11   61  254 3.88 0.4E-02   8.70   5.41   5.49
  8  21  97.56  240  247  1.84  97.56  240  247 1.84 0.1E-12  45.93  31.18  29.61
  8  22  97.56  240  247  2.00  97.15  239  247 1.95 0.2E-12  44.72  31.03  29.48
  8  23  97.15  239  247  1.87  97.15  239  247 1.87 0.2E-12  45.12  31.03  29.48
  9  10 100.40  253  253  0.51 100.40  253  253 0.51 0.3E-13 100.40  32.78  31.11
  9  11  99.19  245  248  2.16  98.79  244  248 2.09 0.8E-13  44.53  31.71  30.11
  9  12  87.80  223  255 15.53  22.05   56  255 3.90 0.8E-02   6.30   4.69   4.82
  9  13  87.01  221  255 17.02  27.95   71  255 3.92 0.1E-02   7.48   6.82   6.81
  9  14  85.83  218  255 14.86  25.20   64  255 3.99 0.3E-02   8.27   5.83   5.88
  9  15  86.61  220  255 16.38  30.71   78  255 3.98 0.4E-03   7.48   7.82   7.74
  9  16  87.80  223  255 15.72  26.38   67  255 3.94 0.2E-02   7.87   6.25   6.28
  9  17  87.40  222  255 15.39  31.10   79  255 3.84 0.4E-03   6.69   7.96   7.87
  9  18  88.98  226  255 15.32  31.89   81  255 4.00 0.3E-03   7.87   8.24   8.14
  9  19  87.40  222  255 16.05  24.80   63  255 3.95 0.3E-02   8.27   5.69   5.75
  9  20  87.40  222  255 16.30  24.80   63  255 3.94 0.3E-02   7.87   5.69   5.75
  9  21  97.56  240  247  2.17  97.15  239  247 2.13 0.2E-12  43.90  31.03  29.48
  9  22  97.56  240  247  2.19  96.75  238  247 2.10 0.2E-12  43.90  30.89  29.34
  9  23  97.15  239  247  2.35  96.34  237  247 2.08 0.2E-12  42.68  30.75  29.21
 10  11  96.76  239  248  2.40  95.55  236  248 2.03 0.2E-12  43.72  30.56  29.04
 10  12  88.10  222  253 15.52  32.94   83  253 3.86 0.2E-03   6.75   8.56   8.43
 10  13  86.11  217  253 16.41  30.95   78  253 3.97 0.4E-03   7.54   7.84   7.76
 10  14  84.13  212  253 14.60  24.60   62  253 3.91 0.4E-02   8.73   5.56   5.63
 10  15  85.71  216  253 16.07  27.78   70  253 3.96 0.1E-02   7.94   6.70   6.70
 10  16  88.10  222  253 15.90  31.35   79  253 3.94 0.4E-03   7.94   7.99   7.90
 10  17  87.70  221  253 15.28  30.95   78  253 3.89 0.4E-03   7.54   7.84   7.76
 10  18  87.70  221  253 15.54  32.94   83  253 3.97 0.2E-03   8.73   8.56   8.43
 10  19  87.30  220  253 16.11  25.40   64  253 3.91 0.3E-02   8.33   5.85   5.90
 10  20  87.30  220  253 16.40  24.60   62  253 3.86 0.4E-02   7.54   5.56   5.63
 10  21  97.56  240  247  2.23  97.56  240  247 2.23 0.1E-12  43.09  31.18  29.61
 10  22  97.56  240  247  2.35  97.15  239  247 2.30 0.2E-12  42.68  31.03  29.48
 10  23  97.15  239  247  2.18  97.15  239  247 2.18 0.2E-12  43.50  31.03  29.48
 11  12  83.81  207  248  9.25  57.09  141  248 3.76 0.8E-07  10.12  16.94  16.28
 11  13  83.40  206  248  6.79  65.18  161  248 3.65 0.6E-08  10.12  19.81  18.97
 11  14  77.73  192  248  9.63  50.61  125  248 3.62 0.7E-06   9.72  14.64  14.13
 11  15  84.21  208  248  7.37  66.40  164  248 3.66 0.4E-08   9.31  20.24  19.37
 11  16  82.59  204  248  9.06  60.32  149  248 3.89 0.3E-07   8.10  18.09  17.35
 11  17  85.02  210  248  8.94  61.94  153  248 3.80 0.2E-07   9.72  18.66  17.89
 11  18  83.81  207  248  7.31  62.35  154  248 3.71 0.1E-07  10.93  18.80  18.03
 11  19  88.66  219  248 14.27  28.34   70  248 3.99 0.1E-02   7.69   6.76   6.75
 11  20  88.66  219  248 14.43  29.55   73  248 3.95 0.8E-03   8.91   7.19   7.15
 11  21 100.00  246  247  1.47  99.59  245  247 1.35 0.7E-13  53.25  31.89  30.28
 11  22 100.00  246  247  1.53  99.59  245  247 1.39 0.7E-13  53.25  31.89  30.28
 11  23 100.00  246  247  1.26 100.00  246  247 1.26 0.6E-13  52.85  32.04  30.42
 12  13  97.32  290  299  2.58  95.30  284  299 1.54 0.3E-14  93.62  35.20  35.20
 12  14  92.05  278  303  3.86  89.07  269  303 1.77 0.2E-13  86.75  33.03  33.03
 12  15  98.99  293  297  2.42  97.30  288  297 1.87 0.2E-14  93.92  35.82  35.82
 12  16  98.68  298  303  2.32  96.36  291  303 1.48 0.2E-14  93.05  35.99  35.99
 12  17  99.32  293  296  1.81  98.98  292  296 1.73 0.1E-14  93.56  36.41  36.41
 12  18  98.34  297  303  2.15  96.03  290  303 1.44 0.2E-14  93.38  35.86  35.86
 12  19 100.33  303  303  2.82  98.01  296  303 1.76 0.8E-15  70.86  36.67  36.67
 12  20 100.33  303  303  2.70  98.01  296  303 1.73 0.8E-15  69.87  36.67  36.67
 12  21  72.76  179  247 12.77  24.39   60  247 3.81 0.4E-02   6.50   5.33   5.42
 12  22  75.20  185  247 12.35  28.86   71  247 3.86 0.1E-02   4.88   6.91   6.89
 12  23  76.42  188  247 16.73  17.48   43  247 3.71 0.4E-01   5.28   2.89   3.15
 13  14  97.32  290  299  2.61  94.63  282  299 0.84 0.4E-14  94.30  34.93  34.93
 13  15 100.00  296  297  0.73 100.00  296  297 0.73 0.7E-15  97.30  36.91  36.91
 13  16  97.65  291  299  1.93  96.98  289  299 1.34 0.2E-14  93.62  35.88  35.88
 13  17  98.64  291  296  1.78  97.97  289  296 1.65 0.2E-14  93.56  36.00  36.00
 13  18  97.32  290  299  2.25  95.64  285  299 1.21 0.3E-14  92.28  35.34  35.34
 13  19  98.32  293  299  4.42  93.29  278  299 2.03 0.7E-14  68.12  34.39  34.39
 13  20  98.66  294  299  4.44  93.29  278  299 2.37 0.7E-14  67.11  34.39  34.39
 13  21  74.39  183  247 17.48  24.39   60  247 3.98 0.4E-02   5.28   5.33   5.42
 13  22  72.76  179  247 12.91  37.40   92  247 3.98 0.6E-04   4.07   9.93   9.72
 13  23  75.61  186  247 17.11  22.36   55  247 3.90 0.9E-02   3.25   4.62   4.75
 14  15  96.62  286  297  2.79  93.24  276  297 0.88 0.8E-14  92.57  34.20  34.20
 14  16  92.05  278  303  3.92  88.74  268  303 1.38 0.3E-13  87.09  32.89  31.22
 14  17  91.53  270  296  4.17  87.80  259  296 1.94 0.7E-13  86.44  31.93  30.32
 14  18  91.75  278  304  3.72  88.12  267  304 1.68 0.3E-13  86.80  32.72  31.06
 14  19  96.04  315  329  2.27  94.51  310  329 1.71 0.3E-15  67.68  37.52  37.52
 14  20 100.30  329  329  2.04  99.39  326  329 1.74 0.0E+00  69.51  39.62  39.62
 14  21  86.18  212  247 14.98  25.20   62  247 3.65 0.3E-02   5.28   5.62   5.69
 14  22  83.74  206  247 12.31  25.20   62  247 3.97 0.3E-02   4.88   5.62   5.69
 14  23  82.11  202  247 12.51  41.06  101  247 4.00 0.2E-04   5.69  11.22  10.93
 15  16  97.30  288  297  1.59  96.96  287  297 1.31 0.2E-14  93.58  35.69  35.69
 15  17  95.93  283  296  1.86  94.58  279  296 1.57 0.5E-14  90.51  34.64  34.64
 15  18  96.96  287  297  2.19  95.61  283  297 1.82 0.3E-14  91.22  35.15  35.15
 15  19  98.99  293  297  4.16  93.92  278  297 1.40 0.6E-14  69.26  34.47  34.47
 15  20 100.34  297  297  3.29  97.64  289  297 2.31 0.2E-14  69.59  35.96  35.96
 15  21  73.58  181  247 16.97  24.80   61  247 4.00 0.4E-02   5.28   5.48   5.55
 15  22  73.58  181  247 16.86  23.98   59  247 3.87 0.5E-02   5.28   5.19   5.28
 15  23  74.80  184  247 16.64  24.39   60  247 3.94 0.4E-02   4.07   5.33   5.42
 16  17  98.64  291  296  2.36  96.95  286  296 1.77 0.2E-14  93.90  35.59  35.59
 16  18  99.34  300  303  1.32  99.01  299  303 1.20 0.6E-15  96.69  37.07  37.07
 16  19  92.72  280  303  4.71  87.75  265  303 1.70 0.4E-13  66.23  32.49  30.84
 16  20  92.38  279  303  4.89  87.09  263  303 2.65 0.5E-13  64.90  32.22  30.59
 16  21  78.86  194  247 16.90  28.05   69  247 3.98 0.1E-02   6.10   6.63   6.63
 16  22  75.20  185  247 12.84  33.33   82  247 4.00 0.2E-03   5.69   8.49   8.37
 16  23  78.46  193  247 16.82  27.64   68  247 3.91 0.2E-02   5.69   6.48   6.49
 17  18  98.31  290  296  2.33  96.95  286  296 1.82 0.2E-14  95.25  35.59  35.59
 17  19 100.34  296  296  2.85  98.64  291  296 2.40 0.1E-14  71.19  36.27  36.27
 17  20 100.34  296  296  2.94  99.32  293  296 2.60 0.9E-15  69.83  36.54  36.54
 17  21  76.83  189  247 16.58  26.02   64  247 3.94 0.3E-02   6.91   5.91   5.95
 17  22  71.95  177  247 12.60  28.86   71  247 3.91 0.1E-02   6.91   6.91   6.89
 17  23  76.42  188  247 16.51  25.61   63  247 3.87 0.3E-02   6.50   5.76   5.82
 18  19  99.67  302  304  3.13  96.37  292  304 1.86 0.1E-14  69.31  36.09  36.09
 18  20 100.33  304  304  3.64  96.37  292  304 1.93 0.1E-14  67.66  36.09  36.09
 18  21  77.24  190  247 16.31  27.64   68  247 3.99 0.2E-02   4.07   6.48   6.49
 18  22  72.36  178  247 12.21  31.30   77  247 3.88 0.5E-03   4.07   7.77   7.70
 18  23  76.83  189  247 16.23  27.24   67  247 3.91 0.2E-02   3.66   6.34   6.36
 19  20 100.29  342  342  0.54 100.29  342  342 0.54 0.0E+00  83.58  41.20  41.20
 19  21  86.59  213  247 14.50  26.02   64  247 3.92 0.3E-02   7.72   5.91   5.95
 19  22  86.18  212  247 13.79  25.20   62  247 3.96 0.3E-02   9.35   5.62   5.69
 19  23  86.18  212  247 14.39  28.46   70  247 3.88 0.1E-02   8.94   6.77   6.76
 20  21  86.99  214  247 14.46  26.02   64  247 3.98 0.3E-02   8.13   5.91   5.95
 20  22  86.99  214  247 14.06  25.61   63  247 3.99 0.3E-02   8.13   5.76   5.82
 20  23  86.18  212  247 14.70  29.27   72  247 3.91 0.9E-03   7.72   7.06   7.03
 21  22 100.00  246  247  1.02 100.00  246  247 1.02 0.6E-13  99.19  32.04  30.42
 21  23 100.00  246  247  0.77 100.00  246  247 0.77 0.6E-13  98.78  32.04  30.42
 22  23 100.00  246  247  0.98 100.00  246  247 0.98 0.6E-13  98.78  32.04  30.42
 
CLUSTERING:
           INI                    END
gr1 gr2    PSI NALI NORM   RMS    PSI NALI NORM  RMS E-value  C-val  Z-scr -ln(P)
  2  20 100.00  360  360  1.29 100.00  360  360 1.29 0.0E+00  42.81  42.81  42.81
  1   2 100.00  363  363  2.57  97.25  353  363 0.78 0.0E+00  41.41  41.80  41.80
  1   7 100.00  344  344  0.84 100.00  344  344 0.84 0.0E+00  41.34  41.38  41.38
  1  19 100.00  342  342  0.44 100.00  342  342 0.44 0.0E+00  41.07  41.20  41.20
  1  14 100.00  329  329  1.96  99.09  326  329 1.65 0.0E+00  38.89  39.62  39.62
 16  18  99.01  300  303  1.32  98.68  299  303 1.20 0.6E-15  37.07  37.07  37.07
 13  15  99.66  296  297  0.73  99.66  296  297 0.73 0.7E-15  36.91  36.91  36.91
 12  17  98.99  293  296  1.81  98.65  292  296 1.73 0.1E-14  36.41  36.41  36.41
 12  16  98.68  299  303  2.07  97.36  295  303 1.65 0.9E-15  35.76  36.53  36.53
 12  13  99.67  299  300  1.90  98.67  296  300 1.47 0.8E-15  35.47  36.79  36.79
  1  12 100.00  312  312  3.30  97.12  303  312 1.67 0.4E-15  34.69  37.25  37.25
  8   9 100.00  254  254  1.37 100.00  254  254 1.37 0.3E-13  31.21  32.88  31.21
  8  10 100.00  253  253  0.59 100.00  253  253 0.59 0.3E-13  31.11  32.78  31.11
  5   6 100.00  247  247  1.09 100.00  247  247 1.09 0.5E-13  30.55  32.18  30.55
  5  23 100.00  247  247  0.66 100.00  247  247 0.66 0.5E-13  30.55  32.18  30.55
  4  11  99.60  247  248  0.93  99.60  247  248 0.93 0.6E-13  30.51  32.14  30.51
  5  21 100.00  247  247  0.86  99.60  246  247 0.70 0.6E-13  30.42  32.04  30.42
  5  22 100.00  247  247  0.94 100.00  247  247 0.94 0.5E-13  30.42  32.18  30.55
  3   4 100.00  248  248  1.38  99.60  247  248 1.21 0.6E-13  30.38  32.14  30.51
  3   5  99.60  246  247  1.04  99.60  246  247 1.04 0.6E-13  30.22  32.04  30.42
  3   8  98.80  246  249  1.64  98.80  246  249 1.64 0.7E-13  29.88  31.95  30.34
  1   3  95.74  247  258  8.54  62.79  162  258 3.98 0.7E-08   9.23  19.68  18.85
 
RESULTS:
  # OF  NORM       AVG #  # CA  STRCT  LOOSE STRCT LOOSE   INI   END       FINAL
STRUCT minCA maxCA OF CA  CORE  %CORE  %CORE   RMS   RMS  -lnE  -lnE Z-SCR  -lnE
    23   247   363   288   188  76.11  80.89  1.48  0.00 20.84 26.43 23.71 22.62
